<?xml version="1.0" encoding="UTF-8"?>
<coverage generated="1667204728589" clover="3.2.0">
  <project timestamp="1667204728589" name="All files">
    <metrics statements="100" coveredstatements="99" conditionals="10" coveredconditionals="8" methods="39" coveredmethods="38" elements="149" coveredelements="145" complexity="0" loc="100" ncloc="100" packages="8" files="16" classes="16"/>
    <package name="api">
      <metrics statements="4" coveredstatements="4" conditionals="0" coveredconditionals="0" methods="1" coveredmethods="1"/>
      <file name="getJobs.js" path="/Users/ivanatrpkova/IdeaProjects/job-search/src/api/getJobs.js">
        <metrics statements="4" coveredstatements="4" conditionals="0" coveredconditionals="0" methods="1" coveredmethods="1"/>
        <line num="3" count="4" type="stmt"/>
        <line num="4" count="2" type="stmt"/>
        <line num="5" count="2" type="stmt"/>
        <line num="6" count="2" type="stmt"/>
      </file>
    </package>
    <package name="components.JobResults">
      <metrics statements="19" coveredstatements="19" conditionals="6" coveredconditionals="4" methods="6" coveredmethods="6"/>
      <file name="JobListing.vue" path="/Users/ivanatrpkova/IdeaProjects/job-search/src/components/JobResults/JobListing.vue">
        <metrics statements="2" coveredstatements="2" conditionals="0" coveredconditionals="0" methods="1" coveredmethods="1"/>
        <line num="52" count="2" type="stmt"/>
        <line num="63" count="4" type="stmt"/>
      </file>
      <file name="JobListings.vue" path="/Users/ivanatrpkova/IdeaProjects/job-search/src/components/JobResults/JobListings.vue">
        <metrics statements="17" coveredstatements="17" conditionals="6" coveredconditionals="4" methods="5" coveredmethods="5"/>
        <line num="37" count="1" type="stmt"/>
        <line num="39" count="1" type="stmt"/>
        <line num="40" count="1" type="stmt"/>
        <line num="41" count="1" type="stmt"/>
        <line num="47" count="2" type="cond" truecount="2" falsecount="0"/>
        <line num="48" count="2" type="stmt"/>
        <line num="51" count="1" type="stmt"/>
        <line num="52" count="1" type="stmt"/>
        <line num="53" count="1" type="cond" truecount="1" falsecount="1"/>
        <line num="56" count="1" type="stmt"/>
        <line num="57" count="1" type="stmt"/>
        <line num="60" count="1" type="cond" truecount="1" falsecount="1"/>
        <line num="63" count="2" type="stmt"/>
        <line num="64" count="2" type="stmt"/>
        <line num="65" count="2" type="stmt"/>
        <line num="66" count="2" type="stmt"/>
        <line num="73" count="1" type="stmt"/>
      </file>
    </package>
    <package name="components.JobResults.JobFiltersSidebar">
      <metrics statements="6" coveredstatements="5" conditionals="0" coveredconditionals="0" methods="2" coveredmethods="1"/>
      <file name="JobFiltersSidebarOrganizations.vue" path="/Users/ivanatrpkova/IdeaProjects/job-search/src/components/JobResults/JobFiltersSidebar/JobFiltersSidebarOrganizations.vue">
        <metrics statements="6" coveredstatements="5" conditionals="0" coveredconditionals="0" methods="2" coveredmethods="1"/>
        <line num="29" count="1" type="stmt"/>
        <line num="31" count="1" type="stmt"/>
        <line num="32" count="1" type="stmt"/>
        <line num="33" count="1" type="stmt"/>
        <line num="37" count="1" type="stmt"/>
        <line num="47" count="0" type="stmt"/>
      </file>
    </package>
    <package name="components.JobSearch">
      <metrics statements="21" coveredstatements="21" conditionals="0" coveredconditionals="0" methods="10" coveredmethods="10"/>
      <file name="Headline.vue" path="/Users/ivanatrpkova/IdeaProjects/job-search/src/components/JobSearch/Headline.vue">
        <metrics statements="9" coveredstatements="9" conditionals="0" coveredconditionals="0" methods="6" coveredmethods="6"/>
        <line num="16" count="1" type="stmt"/>
        <line num="17" count="1" type="stmt"/>
        <line num="20" count="4" type="stmt"/>
        <line num="27" count="7" type="stmt"/>
        <line num="33" count="4" type="stmt"/>
        <line num="36" count="1" type="stmt"/>
        <line num="40" count="4" type="stmt"/>
        <line num="41" count="3" type="stmt"/>
        <line num="42" count="3" type="stmt"/>
      </file>
      <file name="JobSearchForm.vue" path="/Users/ivanatrpkova/IdeaProjects/job-search/src/components/JobSearch/JobSearchForm.vue">
        <metrics statements="5" coveredstatements="5" conditionals="0" coveredconditionals="0" methods="2" coveredmethods="2"/>
        <line num="43" count="1" type="stmt"/>
        <line num="44" count="1" type="stmt"/>
        <line num="46" count="1" type="stmt"/>
        <line num="53" count="1" type="stmt"/>
        <line num="60" count="1" type="stmt"/>
      </file>
      <file name="Spotlight.vue" path="/Users/ivanatrpkova/IdeaProjects/job-search/src/components/JobSearch/Spotlight.vue">
        <metrics statements="7" coveredstatements="7" conditionals="0" coveredconditionals="0" methods="2" coveredmethods="2"/>
        <line num="13" count="1" type="stmt"/>
        <line num="14" count="1" type="stmt"/>
        <line num="17" count="3" type="stmt"/>
        <line num="22" count="3" type="stmt"/>
        <line num="23" count="3" type="stmt"/>
        <line num="24" count="3" type="stmt"/>
        <line num="25" count="3" type="stmt"/>
      </file>
    </package>
    <package name="components.Navigation">
      <metrics statements="11" coveredstatements="11" conditionals="0" coveredconditionals="0" methods="4" coveredmethods="4"/>
      <file name="MainNav.vue" path="/Users/ivanatrpkova/IdeaProjects/job-search/src/components/Navigation/MainNav.vue">
        <metrics statements="7" coveredstatements="7" conditionals="0" coveredconditionals="0" methods="2" coveredmethods="2"/>
        <line num="47" count="1" type="stmt"/>
        <line num="49" count="1" type="stmt"/>
        <line num="50" count="1" type="stmt"/>
        <line num="51" count="1" type="stmt"/>
        <line num="53" count="1" type="stmt"/>
        <line num="61" count="6" type="stmt"/>
        <line num="74" count="6" type="stmt"/>
      </file>
      <file name="ProfileImage.vue" path="/Users/ivanatrpkova/IdeaProjects/job-search/src/components/Navigation/ProfileImage.vue">
        <metrics statements="2" coveredstatements="2" conditionals="0" coveredconditionals="0" methods="1" coveredmethods="1"/>
        <line num="6" count="2" type="stmt"/>
        <line num="9" count="1" type="stmt"/>
      </file>
      <file name="Subnav.vue" path="/Users/ivanatrpkova/IdeaProjects/job-search/src/components/Navigation/Subnav.vue">
        <metrics statements="2" coveredstatements="2" conditionals="0" coveredconditionals="0" methods="1" coveredmethods="1"/>
        <line num="13" count="2" type="stmt"/>
        <line num="17" count="2" type="stmt"/>
      </file>
    </package>
    <package name="components.Shared">
      <metrics statements="10" coveredstatements="10" conditionals="2" coveredconditionals="2" methods="6" coveredmethods="6"/>
      <file name="Accordion.vue" path="/Users/ivanatrpkova/IdeaProjects/job-search/src/components/Shared/Accordion.vue">
        <metrics statements="4" coveredstatements="4" conditionals="2" coveredconditionals="2" methods="3" coveredmethods="3"/>
        <line num="19" count="2" type="stmt"/>
        <line num="28" count="3" type="stmt"/>
        <line num="34" count="6" type="cond" truecount="2" falsecount="0"/>
        <line num="39" count="3" type="stmt"/>
      </file>
      <file name="ActionButton.vue" path="/Users/ivanatrpkova/IdeaProjects/job-search/src/components/Shared/ActionButton.vue">
        <metrics statements="3" coveredstatements="3" conditionals="0" coveredconditionals="0" methods="2" coveredmethods="2"/>
        <line num="8" count="3" type="stmt"/>
        <line num="20" count="7" type="stmt"/>
        <line num="26" count="3" type="stmt"/>
      </file>
      <file name="HeaderContainer.vue" path="/Users/ivanatrpkova/IdeaProjects/job-search/src/components/Shared/HeaderContainer.vue">
        <metrics statements="1" coveredstatements="1" conditionals="0" coveredconditionals="0" methods="0" coveredmethods="0"/>
        <line num="11" count="1" type="stmt"/>
      </file>
      <file name="TextInput.vue" path="/Users/ivanatrpkova/IdeaProjects/job-search/src/components/Shared/TextInput.vue">
        <metrics statements="2" coveredstatements="2" conditionals="0" coveredconditionals="0" methods="1" coveredmethods="1"/>
        <line num="12" count="2" type="stmt"/>
        <line num="28" count="4" type="stmt"/>
      </file>
    </package>
    <package name="store">
      <metrics statements="24" coveredstatements="24" conditionals="2" coveredconditionals="2" methods="9" coveredmethods="9"/>
      <file name="index.js" path="/Users/ivanatrpkova/IdeaProjects/job-search/src/store/index.js">
        <metrics statements="24" coveredstatements="24" conditionals="2" coveredconditionals="2" methods="9" coveredmethods="9"/>
        <line num="5" count="3" type="stmt"/>
        <line num="6" count="3" type="stmt"/>
        <line num="7" count="3" type="stmt"/>
        <line num="9" count="3" type="stmt"/>
        <line num="10" count="3" type="stmt"/>
        <line num="11" count="3" type="stmt"/>
        <line num="13" count="3" type="stmt"/>
        <line num="14" count="6" type="stmt"/>
        <line num="21" count="3" type="stmt"/>
        <line num="23" count="1" type="stmt"/>
        <line num="26" count="1" type="stmt"/>
        <line num="29" count="1" type="stmt"/>
        <line num="33" count="3" type="stmt"/>
        <line num="35" count="1" type="stmt"/>
        <line num="36" count="3" type="stmt"/>
        <line num="37" count="1" type="stmt"/>
        <line num="40" count="2" type="cond" truecount="2" falsecount="0"/>
        <line num="41" count="1" type="stmt"/>
        <line num="43" count="1" type="stmt"/>
        <line num="44" count="3" type="stmt"/>
        <line num="49" count="3" type="stmt"/>
        <line num="51" count="2" type="stmt"/>
        <line num="52" count="2" type="stmt"/>
        <line num="56" count="3" type="stmt"/>
      </file>
    </package>
    <package name="utils">
      <metrics statements="5" coveredstatements="5" conditionals="0" coveredconditionals="0" methods="1" coveredmethods="1"/>
      <file name="nextElementsInList.js" path="/Users/ivanatrpkova/IdeaProjects/job-search/src/utils/nextElementsInList.js">
        <metrics statements="5" coveredstatements="5" conditionals="0" coveredconditionals="0" methods="1" coveredmethods="1"/>
        <line num="1" count="2" type="stmt"/>
        <line num="2" count="5" type="stmt"/>
        <line num="3" count="5" type="stmt"/>
        <line num="4" count="5" type="stmt"/>
        <line num="5" count="5" type="stmt"/>
      </file>
    </package>
  </project>
</coverage>
