{"/Users/ivanatrpkova/IdeaProjects/job-search/src/components/JobResults/JobListing.vue": {"path":"/Users/ivanatrpkova/IdeaProjects/job-search/src/components/JobResults/JobListing.vue","statementMap":{"0":{"start":{"line":52,"column":15},"end":{"line":52,"column":null}},"1":{"start":{"line":63,"column":6},"end":{"line":63,"column":14}}},"fnMap":{"0":{"name":"(anonymous_0)","decl":{"start":{"line":62,"column":4},"end":{"line":62,"column":15}},"loc":{"start":{"line":62,"column":18},"end":{"line":64,"column":null}}}},"branchMap":{},"s":{"0":2,"1":4},"f":{"0":4},"b":{}}
,"/Users/ivanatrpkova/IdeaProjects/job-search/src/components/JobResults/JobListings.vue": {"path":"/Users/ivanatrpkova/IdeaProjects/job-search/src/components/JobResults/JobListings.vue","statementMap":{"0":{"start":{"line":37,"column":0},"end":{"line":37,"column":null}},"1":{"start":{"line":38,"column":0},"end":{"line":38,"column":null}},"2":{"start":{"line":39,"column":15},"end":{"line":39,"column":null}},"3":{"start":{"line":43,"column":4},"end":{"line":43,"column":11}},"4":{"start":{"line":49,"column":25},"end":{"line":49,"column":null}},"5":{"start":{"line":50,"column":6},"end":{"line":50,"column":13}},"6":{"start":{"line":53,"column":27},"end":{"line":53,"column":null}},"7":{"start":{"line":54,"column":24},"end":{"line":54,"column":null}},"8":{"start":{"line":55,"column":6},"end":{"line":55,"column":13}},"9":{"start":{"line":58,"column":23},"end":{"line":58,"column":null}},"10":{"start":{"line":59,"column":22},"end":{"line":59,"column":26}},"11":{"start":{"line":60,"column":6},"end":{"line":60,"column":13}},"12":{"start":{"line":63,"column":25},"end":{"line":63,"column":null}},"13":{"start":{"line":64,"column":28},"end":{"line":64,"column":null}},"14":{"start":{"line":65,"column":27},"end":{"line":65,"column":null}},"15":{"start":{"line":66,"column":6},"end":{"line":66,"column":13}},"16":{"start":{"line":70,"column":20},"end":{"line":70,"column":null}},"17":{"start":{"line":71,"column":21},"end":{"line":71,"column":33}},"18":{"start":{"line":72,"column":4},"end":{"line":72,"column":9}}},"fnMap":{"0":{"name":"(anonymous_0)","decl":{"start":{"line":42,"column":2},"end":{"line":42,"column":6}},"loc":{"start":{"line":42,"column":9},"end":{"line":46,"column":null}}},"1":{"name":"(anonymous_1)","decl":{"start":{"line":48,"column":4},"end":{"line":48,"column":15}},"loc":{"start":{"line":48,"column":18},"end":{"line":51,"column":null}}},"2":{"name":"(anonymous_2)","decl":{"start":{"line":52,"column":4},"end":{"line":52,"column":16}},"loc":{"start":{"line":52,"column":19},"end":{"line":56,"column":null}}},"3":{"name":"(anonymous_3)","decl":{"start":{"line":57,"column":4},"end":{"line":57,"column":12}},"loc":{"start":{"line":57,"column":15},"end":{"line":61,"column":null}}},"4":{"name":"(anonymous_4)","decl":{"start":{"line":62,"column":4},"end":{"line":62,"column":17}},"loc":{"start":{"line":62,"column":20},"end":{"line":67,"column":null}}},"5":{"name":"(anonymous_5)","decl":{"start":{"line":69,"column":2},"end":{"line":69,"column":8}},"loc":{"start":{"line":69,"column":18},"end":{"line":73,"column":null}}}},"branchMap":{"0":{"loc":{"start":{"line":49,"column":25},"end":{"line":49,"column":51}},"type":"binary-expr","locations":[{"start":{"line":49,"column":25},"end":{"line":49,"column":51}},{"start":{"line":49,"column":51},"end":{"line":49,"column":null}}]},"1":{"loc":{"start":{"line":55,"column":41},"end":{"line":55,"column":56}},"type":"cond-expr","locations":[{"start":{"line":55,"column":41},"end":{"line":55,"column":56}},{"start":{"line":55,"column":56},"end":{"line":55,"column":null}}]},"2":{"loc":{"start":{"line":60,"column":35},"end":{"line":60,"column":46}},"type":"cond-expr","locations":[{"start":{"line":60,"column":35},"end":{"line":60,"column":46}},{"start":{"line":60,"column":46},"end":{"line":60,"column":null}}]}},"s":{"0":1,"1":1,"2":1,"3":2,"4":2,"5":2,"6":2,"7":2,"8":2,"9":4,"10":4,"11":4,"12":4,"13":4,"14":4,"15":4,"16":2,"17":2,"18":2},"f":{"0":2,"1":2,"2":2,"3":4,"4":4,"5":2},"b":{"0":[2,1],"1":[0,2],"2":[2,2]}}
,"/Users/ivanatrpkova/IdeaProjects/job-search/src/components/JobSearch/Headline.vue": {"path":"/Users/ivanatrpkova/IdeaProjects/job-search/src/components/JobSearch/Headline.vue","statementMap":{"0":{"start":{"line":16,"column":0},"end":{"line":16,"column":null}},"1":{"start":{"line":17,"column":15},"end":{"line":17,"column":null}},"2":{"start":{"line":20,"column":4},"end":{"line":20,"column":11}},"3":{"start":{"line":27,"column":6},"end":{"line":27,"column":13}},"4":{"start":{"line":33,"column":4},"end":{"line":33,"column":9}},"5":{"start":{"line":36,"column":4},"end":{"line":36,"column":17}},"6":{"start":{"line":40,"column":6},"end":{"line":40,"column":11}},"7":{"start":{"line":41,"column":24},"end":{"line":41,"column":25}},"8":{"start":{"line":42,"column":8},"end":{"line":42,"column":13}}},"fnMap":{"0":{"name":"(anonymous_0)","decl":{"start":{"line":19,"column":2},"end":{"line":19,"column":6}},"loc":{"start":{"line":19,"column":9},"end":{"line":24,"column":null}}},"1":{"name":"(anonymous_1)","decl":{"start":{"line":26,"column":4},"end":{"line":26,"column":17}},"loc":{"start":{"line":26,"column":20},"end":{"line":30,"column":null}}},"2":{"name":"(anonymous_2)","decl":{"start":{"line":32,"column":2},"end":{"line":32,"column":9}},"loc":{"start":{"line":32,"column":12},"end":{"line":34,"column":null}}},"3":{"name":"(anonymous_3)","decl":{"start":{"line":35,"column":2},"end":{"line":35,"column":15}},"loc":{"start":{"line":35,"column":18},"end":{"line":37,"column":null}}},"4":{"name":"(anonymous_4)","decl":{"start":{"line":39,"column":4},"end":{"line":39,"column":15}},"loc":{"start":{"line":39,"column":18},"end":{"line":44,"column":null}}},"5":{"name":"(anonymous_5)","decl":{"start":{"line":40,"column":34},"end":{"line":40,"column":40}},"loc":{"start":{"line":40,"column":40},"end":{"line":43,"column":9}}}},"branchMap":{},"s":{"0":1,"1":1,"2":4,"3":7,"4":4,"5":1,"6":4,"7":3,"8":3},"f":{"0":4,"1":7,"2":4,"3":1,"4":4,"5":3},"b":{}}
,"/Users/ivanatrpkova/IdeaProjects/job-search/src/components/JobSearch/JobSearchForm.vue": {"path":"/Users/ivanatrpkova/IdeaProjects/job-search/src/components/JobSearch/JobSearchForm.vue","statementMap":{"0":{"start":{"line":43,"column":0},"end":{"line":43,"column":null}},"1":{"start":{"line":44,"column":0},"end":{"line":44,"column":null}},"2":{"start":{"line":46,"column":15},"end":{"line":46,"column":null}},"3":{"start":{"line":53,"column":4},"end":{"line":53,"column":11}},"4":{"start":{"line":60,"column":6},"end":{"line":60,"column":11}}},"fnMap":{"0":{"name":"(anonymous_0)","decl":{"start":{"line":52,"column":2},"end":{"line":52,"column":6}},"loc":{"start":{"line":52,"column":9},"end":{"line":57,"column":null}}},"1":{"name":"(anonymous_1)","decl":{"start":{"line":59,"column":4},"end":{"line":59,"column":17}},"loc":{"start":{"line":59,"column":20},"end":{"line":64,"column":null}}}},"branchMap":{},"s":{"0":1,"1":1,"2":1,"3":1,"4":1},"f":{"0":1,"1":1},"b":{}}
,"/Users/ivanatrpkova/IdeaProjects/job-search/src/components/Navigation/MainNav.vue": {"path":"/Users/ivanatrpkova/IdeaProjects/job-search/src/components/Navigation/MainNav.vue","statementMap":{"0":{"start":{"line":47,"column":0},"end":{"line":47,"column":null}},"1":{"start":{"line":49,"column":0},"end":{"line":49,"column":null}},"2":{"start":{"line":50,"column":0},"end":{"line":50,"column":null}},"3":{"start":{"line":51,"column":0},"end":{"line":51,"column":null}},"4":{"start":{"line":53,"column":15},"end":{"line":53,"column":null}},"5":{"start":{"line":61,"column":4},"end":{"line":61,"column":11}},"6":{"start":{"line":74,"column":6},"end":{"line":74,"column":13}}},"fnMap":{"0":{"name":"(anonymous_0)","decl":{"start":{"line":60,"column":2},"end":{"line":60,"column":6}},"loc":{"start":{"line":60,"column":9},"end":{"line":71,"column":null}}},"1":{"name":"(anonymous_1)","decl":{"start":{"line":73,"column":4},"end":{"line":73,"column":21}},"loc":{"start":{"line":73,"column":24},"end":{"line":78,"column":null}}}},"branchMap":{},"s":{"0":1,"1":1,"2":1,"3":1,"4":1,"5":6,"6":6},"f":{"0":6,"1":6},"b":{}}
,"/Users/ivanatrpkova/IdeaProjects/job-search/src/components/Navigation/ProfileImage.vue": {"path":"/Users/ivanatrpkova/IdeaProjects/job-search/src/components/Navigation/ProfileImage.vue","statementMap":{"0":{"start":{"line":6,"column":15},"end":{"line":6,"column":null}},"1":{"start":{"line":9,"column":4},"end":{"line":9,"column":11}}},"fnMap":{"0":{"name":"(anonymous_0)","decl":{"start":{"line":8,"column":2},"end":{"line":8,"column":6}},"loc":{"start":{"line":8,"column":9},"end":{"line":13,"column":null}}}},"branchMap":{},"s":{"0":2,"1":1},"f":{"0":1},"b":{}}
,"/Users/ivanatrpkova/IdeaProjects/job-search/src/components/Navigation/Subnav.vue": {"path":"/Users/ivanatrpkova/IdeaProjects/job-search/src/components/Navigation/Subnav.vue","statementMap":{"0":{"start":{"line":13,"column":15},"end":{"line":13,"column":null}},"1":{"start":{"line":17,"column":6},"end":{"line":17,"column":13}}},"fnMap":{"0":{"name":"(anonymous_0)","decl":{"start":{"line":16,"column":4},"end":{"line":16,"column":20}},"loc":{"start":{"line":16,"column":23},"end":{"line":18,"column":null}}}},"branchMap":{},"s":{"0":2,"1":2},"f":{"0":2},"b":{}}
,"/Users/ivanatrpkova/IdeaProjects/job-search/src/components/Shared/ActionButton.vue": {"path":"/Users/ivanatrpkova/IdeaProjects/job-search/src/components/Shared/ActionButton.vue","statementMap":{"0":{"start":{"line":8,"column":15},"end":{"line":8,"column":null}},"1":{"start":{"line":20,"column":8},"end":{"line":20,"column":15}},"2":{"start":{"line":26,"column":6},"end":{"line":26,"column":13}}},"fnMap":{"0":{"name":"(anonymous_0)","decl":{"start":{"line":19,"column":6},"end":{"line":19,"column":15}},"loc":{"start":{"line":19,"column":23},"end":{"line":21,"column":null}}},"1":{"name":"(anonymous_1)","decl":{"start":{"line":25,"column":4},"end":{"line":25,"column":15}},"loc":{"start":{"line":25,"column":18},"end":{"line":29,"column":null}}}},"branchMap":{},"s":{"0":3,"1":7,"2":3},"f":{"0":7,"1":3},"b":{}}
,"/Users/ivanatrpkova/IdeaProjects/job-search/src/components/Shared/TextInput.vue": {"path":"/Users/ivanatrpkova/IdeaProjects/job-search/src/components/Shared/TextInput.vue","statementMap":{"0":{"start":{"line":12,"column":15},"end":{"line":12,"column":null}},"1":{"start":{"line":28,"column":6},"end":{"line":28,"column":11}}},"fnMap":{"0":{"name":"(anonymous_0)","decl":{"start":{"line":27,"column":4},"end":{"line":27,"column":15}},"loc":{"start":{"line":27,"column":24},"end":{"line":29,"column":null}}}},"branchMap":{},"s":{"0":2,"1":4},"f":{"0":4},"b":{}}
,"/Users/ivanatrpkova/IdeaProjects/job-search/src/store/index.js": {"path":"/Users/ivanatrpkova/IdeaProjects/job-search/src/store/index.js","statementMap":{"0":{"start":{"line":3,"column":26},"end":{"line":3,"column":38}},"1":{"start":{"line":5,"column":21},"end":{"line":9,"column":1}},"2":{"start":{"line":6,"column":2},"end":{"line":8,"column":4}},"3":{"start":{"line":11,"column":25},"end":{"line":15,"column":1}},"4":{"start":{"line":13,"column":4},"end":{"line":13,"column":28}},"5":{"start":{"line":17,"column":14},"end":{"line":21,"column":2}}},"fnMap":{"0":{"name":"(anonymous_0)","decl":{"start":{"line":5,"column":21},"end":{"line":5,"column":22}},"loc":{"start":{"line":5,"column":27},"end":{"line":9,"column":1}},"line":5},"1":{"name":"(anonymous_1)","decl":{"start":{"line":12,"column":2},"end":{"line":12,"column":3}},"loc":{"start":{"line":12,"column":22},"end":{"line":14,"column":3}},"line":12}},"branchMap":{},"s":{"0":1,"1":1,"2":2,"3":1,"4":1,"5":1},"f":{"0":2,"1":1},"b":{},"_coverageSchema":"43e27e138ebf9cfc5966b082cf9a028302ed4184","hash":"fb22ae4a7934724cad316614c4aa3232c9c64c4a"}
,"/Users/ivanatrpkova/IdeaProjects/job-search/src/utils/nextElementsInList.js": {"path":"/Users/ivanatrpkova/IdeaProjects/job-search/src/utils/nextElementsInList.js","statementMap":{"0":{"start":{"line":1,"column":26},"end":{"line":6,"column":1}},"1":{"start":{"line":2,"column":29},"end":{"line":2,"column":48}},"2":{"start":{"line":3,"column":25},"end":{"line":3,"column":63}},"3":{"start":{"line":4,"column":20},"end":{"line":4,"column":40}},"4":{"start":{"line":5,"column":2},"end":{"line":5,"column":19}}},"fnMap":{"0":{"name":"(anonymous_0)","decl":{"start":{"line":1,"column":26},"end":{"line":1,"column":27}},"loc":{"start":{"line":1,"column":43},"end":{"line":6,"column":1}},"line":1}},"branchMap":{},"s":{"0":2,"1":5,"2":5,"3":5,"4":5},"f":{"0":5},"b":{},"_coverageSchema":"43e27e138ebf9cfc5966b082cf9a028302ed4184","hash":"70ae15203fa9940e3200d2b881bba3a33e2b194e"}
}
