TN:
SF:/Users/ivanatrpkova/IdeaProjects/job-search/src/api/getJobs.js
FN:3,(anonymous_0)
FNF:1
FNH:1
FNDA:2,(anonymous_0)
DA:3,2
DA:4,2
DA:5,2
DA:6,2
LF:4
LH:4
BRF:0
BRH:0
end_of_record
TN:
SF:/Users/ivanatrpkova/IdeaProjects/job-search/src/components/JobResults/JobListing.vue
FN:62,(anonymous_0)
FNF:1
FNH:1
FNDA:4,(anonymous_0)
DA:52,2
DA:63,4
LF:2
LH:2
BRF:0
BRH:0
end_of_record
TN:
SF:/Users/ivanatrpkova/IdeaProjects/job-search/src/components/JobResults/JobListings.vue
FN:52,(anonymous_0)
FN:54,(anonymous_1)
FN:60,(anonymous_2)
FN:65,(anonymous_3)
FN:71,(anonymous_4)
FNF:5
FNH:2
FNDA:8,(anonymous_0)
FNDA:0,(anonymous_1)
FNDA:0,(anonymous_2)
FNDA:0,(anonymous_3)
FNDA:8,(anonymous_4)
DA:39,1
DA:40,1
DA:42,1
DA:43,1
DA:44,1
DA:45,1
DA:47,1
DA:53,8
DA:54,8
DA:55,8
DA:57,8
DA:58,8
DA:60,8
DA:61,0
DA:62,0
DA:63,0
DA:65,8
DA:66,0
DA:67,0
DA:68,0
DA:71,8
DA:72,8
DA:73,0
DA:74,0
DA:75,0
DA:78,8
LF:26
LH:17
BRDA:63,0,0,0
BRDA:63,0,1,0
BRDA:68,1,0,0
BRDA:68,1,1,0
BRF:4
BRH:0
end_of_record
TN:
SF:/Users/ivanatrpkova/IdeaProjects/job-search/src/components/JobResults/JobFiltersSidebar/JobFiltersSidebarCheckboxGroup.vue
FN:47,(anonymous_0)
FN:53,(anonymous_1)
FNF:2
FNH:2
FNDA:3,(anonymous_0)
FNDA:2,(anonymous_1)
DA:24,1
DA:25,1
DA:26,1
DA:28,1
DA:30,1
DA:48,3
DA:49,3
DA:51,3
DA:53,3
DA:54,2
DA:55,2
DA:58,3
LF:12
LH:12
BRF:0
BRH:0
end_of_record
TN:
SF:/Users/ivanatrpkova/IdeaProjects/job-search/src/components/JobSearch/Headline.vue
FN:19,(anonymous_0)
FN:26,(anonymous_1)
FN:32,(anonymous_2)
FN:35,(anonymous_3)
FN:39,(anonymous_4)
FN:40,(anonymous_5)
FNF:6
FNH:6
FNDA:4,(anonymous_0)
FNDA:7,(anonymous_1)
FNDA:4,(anonymous_2)
FNDA:1,(anonymous_3)
FNDA:4,(anonymous_4)
FNDA:3,(anonymous_5)
DA:16,1
DA:17,1
DA:20,4
DA:27,7
DA:33,4
DA:36,1
DA:40,4
DA:41,3
DA:42,3
LF:9
LH:9
BRF:0
BRH:0
end_of_record
TN:
SF:/Users/ivanatrpkova/IdeaProjects/job-search/src/components/JobSearch/JobSearchForm.vue
FN:54,(anonymous_0)
FN:60,(anonymous_1)
FNF:2
FNH:2
FNDA:1,(anonymous_0)
FNDA:1,(anonymous_1)
DA:43,1
DA:44,1
DA:45,1
DA:46,1
DA:48,1
DA:55,1
DA:57,1
DA:58,1
DA:60,1
DA:61,1
DA:66,1
LF:11
LH:11
BRF:0
BRH:0
end_of_record
TN:
SF:/Users/ivanatrpkova/IdeaProjects/job-search/src/components/JobSearch/Spotlight.vue
FN:18,(anonymous_0)
FN:20,(anonymous_1)
FNF:2
FNH:2
FNDA:3,(anonymous_0)
FNDA:3,(anonymous_1)
DA:13,1
DA:14,1
DA:16,1
DA:19,3
DA:20,3
DA:21,3
DA:22,3
DA:23,3
DA:24,3
DA:26,3
DA:27,3
LF:11
LH:11
BRF:0
BRH:0
end_of_record
TN:
SF:/Users/ivanatrpkova/IdeaProjects/job-search/src/components/Navigation/MainNav.vue
FN:60,(anonymous_0)
FN:73,(anonymous_1)
FNF:2
FNH:2
FNDA:6,(anonymous_0)
FNDA:6,(anonymous_1)
DA:47,1
DA:49,1
DA:50,1
DA:51,1
DA:53,1
DA:61,6
DA:74,6
LF:7
LH:7
BRF:0
BRH:0
end_of_record
TN:
SF:/Users/ivanatrpkova/IdeaProjects/job-search/src/components/Navigation/ProfileImage.vue
FN:8,(anonymous_0)
FNF:1
FNH:1
FNDA:1,(anonymous_0)
DA:6,2
DA:9,1
LF:2
LH:2
BRF:0
BRH:0
end_of_record
TN:
SF:/Users/ivanatrpkova/IdeaProjects/job-search/src/components/Navigation/Subnav.vue
FN:25,(anonymous_0)
FNF:1
FNH:1
FNDA:2,(anonymous_0)
DA:18,2
DA:19,2
DA:23,2
DA:26,2
DA:27,2
DA:28,2
LF:6
LH:6
BRF:0
BRH:0
end_of_record
TN:
SF:/Users/ivanatrpkova/IdeaProjects/job-search/src/components/Shared/Accordion.vue
FN:28,(anonymous_0)
FN:30,(anonymous_1)
FN:33,(anonymous_2)
FNF:3
FNH:3
FNDA:5,(anonymous_0)
FNDA:5,(anonymous_1)
FNDA:10,(anonymous_2)
DA:19,2
DA:20,2
DA:29,5
DA:30,5
DA:31,5
DA:33,5
DA:34,10
DA:36,5
LF:8
LH:8
BRDA:34,0,0,5
BRDA:34,0,1,5
BRF:2
BRH:2
end_of_record
TN:
SF:/Users/ivanatrpkova/IdeaProjects/job-search/src/components/Shared/ActionButton.vue
FN:20,(anonymous_0)
FN:25,(anonymous_1)
FN:27,(anonymous_2)
FNF:3
FNH:3
FNDA:7,(anonymous_0)
FNDA:3,(anonymous_1)
FNDA:3,(anonymous_2)
DA:8,3
DA:9,3
DA:21,7
DA:26,3
DA:27,3
DA:28,3
DA:32,3
LF:7
LH:7
BRF:0
BRH:0
end_of_record
TN:
SF:/Users/ivanatrpkova/IdeaProjects/job-search/src/components/Shared/HeaderContainer.vue
FNF:0
FNH:0
DA:11,1
LF:1
LH:1
BRF:0
BRH:0
end_of_record
TN:
SF:/Users/ivanatrpkova/IdeaProjects/job-search/src/components/Shared/TextInput.vue
FN:27,(anonymous_0)
FNF:1
FNH:1
FNDA:4,(anonymous_0)
DA:12,2
DA:28,4
LF:2
LH:2
BRF:0
BRH:0
end_of_record
TN:
SF:/Users/ivanatrpkova/IdeaProjects/job-search/src/composables/useConfirmRoute.js
FN:4,(anonymous_0)
FN:6,(anonymous_1)
FNF:2
FNH:2
FNDA:1,(anonymous_0)
FNDA:1,(anonymous_1)
DA:4,3
DA:5,1
DA:6,1
LF:3
LH:3
BRF:0
BRH:0
end_of_record
TN:
SF:/Users/ivanatrpkova/IdeaProjects/job-search/src/composables/useCurrentPage.js
FN:4,(anonymous_0)
FN:6,(anonymous_1)
FNF:2
FNH:2
FNDA:10,(anonymous_0)
FNDA:10,(anonymous_1)
DA:4,2
DA:5,10
DA:6,10
LF:3
LH:3
BRDA:6,0,0,10
BRDA:6,0,1,1
BRF:2
BRH:2
end_of_record
TN:
SF:/Users/ivanatrpkova/IdeaProjects/job-search/src/store/actions.js
FN:5,(anonymous_0)
FNF:1
FNH:1
FNDA:2,(anonymous_0)
DA:4,1
DA:6,2
DA:7,2
LF:3
LH:3
BRF:0
BRH:0
end_of_record
TN:
SF:/Users/ivanatrpkova/IdeaProjects/job-search/src/store/composables.js
FN:10,(anonymous_0)
FN:12,(anonymous_1)
FN:15,(anonymous_2)
FN:17,(anonymous_3)
FN:20,(anonymous_4)
FN:22,(anonymous_5)
FNF:6
FNH:6
FNDA:9,(anonymous_0)
FNDA:1,(anonymous_1)
FNDA:1,(anonymous_2)
FNDA:1,(anonymous_3)
FNDA:1,(anonymous_4)
FNDA:1,(anonymous_5)
DA:10,4
DA:11,9
DA:12,9
DA:15,4
DA:16,1
DA:17,1
DA:20,4
DA:21,1
DA:22,1
LF:9
LH:9
BRF:0
BRH:0
end_of_record
TN:
SF:/Users/ivanatrpkova/IdeaProjects/job-search/src/store/constants.js
FNF:0
FNH:0
DA:2,7
DA:5,7
DA:6,7
DA:7,7
DA:10,7
DA:11,7
DA:12,7
DA:15,7
DA:16,7
DA:17,7
LF:10
LH:10
BRF:0
BRH:0
end_of_record
TN:
SF:/Users/ivanatrpkova/IdeaProjects/job-search/src/store/getters.js
FN:10,(anonymous_0)
FN:12,(anonymous_1)
FN:16,(anonymous_2)
FN:18,(anonymous_3)
FN:22,(anonymous_4)
FN:22,(anonymous_5)
FN:27,(anonymous_6)
FN:27,(anonymous_7)
FN:32,(anonymous_8)
FN:34,(anonymous_9)
FN:35,(anonymous_10)
FNF:11
FNH:11
FNDA:1,(anonymous_0)
FNDA:3,(anonymous_1)
FNDA:1,(anonymous_2)
FNDA:3,(anonymous_3)
FNDA:2,(anonymous_4)
FNDA:2,(anonymous_5)
FNDA:2,(anonymous_6)
FNDA:2,(anonymous_7)
FNDA:1,(anonymous_8)
FNDA:1,(anonymous_9)
FNDA:1,(anonymous_10)
DA:9,1
DA:11,1
DA:12,3
DA:13,1
DA:17,1
DA:18,3
DA:19,1
DA:22,2
DA:23,2
DA:24,1
DA:27,2
DA:28,2
DA:29,1
DA:33,1
DA:34,1
DA:35,1
LF:16
LH:16
BRDA:23,0,0,1
BRDA:23,0,1,1
BRDA:28,1,0,1
BRDA:28,1,1,1
BRF:4
BRH:4
end_of_record
TN:
SF:/Users/ivanatrpkova/IdeaProjects/job-search/src/store/mutations.js
FN:9,(anonymous_0)
FN:12,(anonymous_1)
FN:15,(anonymous_2)
FN:18,(anonymous_3)
FNF:4
FNH:4
FNDA:1,(anonymous_0)
FNDA:1,(anonymous_1)
FNDA:1,(anonymous_2)
FNDA:1,(anonymous_3)
DA:8,1
DA:10,1
DA:13,1
DA:16,1
DA:19,1
LF:5
LH:5
BRF:0
BRH:0
end_of_record
TN:
SF:/Users/ivanatrpkova/IdeaProjects/job-search/src/store/state.js
FN:1,(anonymous_0)
FNF:1
FNH:1
FNDA:4,(anonymous_0)
DA:1,1
DA:2,4
LF:2
LH:2
BRF:0
BRH:0
end_of_record
TN:
SF:/Users/ivanatrpkova/IdeaProjects/job-search/src/utils/nextElementsInList.js
FN:1,(anonymous_0)
FNF:1
FNH:1
FNDA:5,(anonymous_0)
DA:1,2
DA:2,5
DA:3,5
DA:4,5
DA:5,5
LF:5
LH:5
BRF:0
BRH:0
end_of_record
