TN:
SF:/Users/ivanatrpkova/IdeaProjects/job-search/src/components/ActionButton.vue
FN:19,(anonymous_0)
FN:25,(anonymous_1)
FNF:2
FNH:2
FNDA:7,(anonymous_0)
FNDA:2,(anonymous_1)
DA:8,2
DA:20,7
DA:26,2
LF:3
LH:3
BRF:0
BRH:0
end_of_record
TN:
SF:/Users/ivanatrpkova/IdeaProjects/job-search/src/components/MainNav.vue
FN:52,(anonymous_0)
FN:68,(anonymous_1)
FNF:2
FNH:2
FNDA:5,(anonymous_0)
FNDA:2,(anonymous_1)
DA:42,1
DA:43,1
DA:44,1
DA:45,1
DA:53,5
DA:69,2
LF:6
LH:6
BRF:0
BRH:0
end_of_record
TN:
SF:/Users/ivanatrpkova/IdeaProjects/job-search/src/components/ProfileImage.vue
FN:8,(anonymous_0)
FNF:1
FNH:1
FNDA:1,(anonymous_0)
DA:6,2
DA:9,1
LF:2
LH:2
BRF:0
BRH:0
end_of_record
TN:
SF:/Users/ivanatrpkova/IdeaProjects/job-search/src/components/Subnav.vue
FN:15,(anonymous_0)
FNF:1
FNH:1
FNDA:2,(anonymous_0)
DA:13,2
DA:16,2
LF:2
LH:2
BRF:0
BRH:0
end_of_record
